[0.077s] DEBUG:colcon:Command line arguments: ['/usr/bin/colcon', 'list', '-p', '--base-paths', '/home/shareef/autonomous-navigation-pipeline', '--log-base', '/dev/null']
[0.077s] DEBUG:colcon:Parsed command line arguments: Namespace(log_base=None, log_level=None, verb_name='list', build_base='build', ignore_user_meta=False, metas=['./colcon.meta'], base_paths=['/home/shareef/autonomous-navigation-pipeline', '--log-base', '/dev/null'], packages_ignore=None, packages_ignore_regex=None, paths=None, packages_up_to=None, packages_up_to_regex=None, packages_above=None, packages_above_and_dependencies=None, packages_above_depth=None, packages_select_by_dep=None, packages_skip_by_dep=None, packages_skip_up_to=None, packages_select_build_failed=False, packages_skip_build_finished=False, packages_select_test_failures=False, packages_skip_test_passed=False, packages_select=None, packages_skip=None, packages_select_regex=None, packages_skip_regex=None, packages_start=None, packages_end=None, allow_overriding=[], topological_order=False, names_only=False, paths_only=True, topological_graph=False, topological_graph_dot=False, topological_graph_density=False, topological_graph_legend=False, topological_graph_dot_cluster=False, topological_graph_dot_include_skipped=False, mixin_files=None, mixin=None, verb_parser=<colcon_mixin.mixin.mixin_argument.MixinArgumentDecorator object at 0x7acd4a47b910>, verb_extension=<colcon_package_information.verb.list.ListVerb object at 0x7acd4a47a980>, main=<bound method ListVerb.main of <colcon_package_information.verb.list.ListVerb object at 0x7acd4a47a980>>, mixin_verb=('list',))
[0.184s] Level 1:colcon.colcon_core.package_discovery:discover_packages(colcon_meta) check parameters
[0.184s] Level 1:colcon.colcon_core.package_discovery:discover_packages(recursive) check parameters
[0.184s] Level 1:colcon.colcon_core.package_discovery:discover_packages(ignore) check parameters
[0.184s] Level 1:colcon.colcon_core.package_discovery:discover_packages(path) check parameters
[0.184s] Level 1:colcon.colcon_core.package_discovery:discover_packages(recursive) discover
[0.184s] INFO:colcon.colcon_core.package_discovery:Crawling recursively for packages in '/home/shareef/autonomous-navigation-pipeline', '/home/shareef/autonomous-navigation-pipeline/--log-base', '/dev/null'
[0.184s] Level 1:colcon.colcon_core.package_identification:_identify(/home/shareef/autonomous-navigation-pipeline) by extensions ['ignore', 'ignore_ament_install']
[0.184s] Level 1:colcon.colcon_core.package_identification:_identify(/home/shareef/autonomous-navigation-pipeline) by extension 'ignore'
[0.184s] Level 1:colcon.colcon_core.package_identification:_identify(/home/shareef/autonomous-navigation-pipeline) by extension 'ignore_ament_install'
[0.184s] Level 1:colcon.colcon_core.package_identification:_identify(/home/shareef/autonomous-navigation-pipeline) by extensions ['colcon_pkg']
[0.184s] Level 1:colcon.colcon_core.package_identification:_identify(/home/shareef/autonomous-navigation-pipeline) by extension 'colcon_pkg'
[0.184s] Level 1:colcon.colcon_core.package_identification:_identify(/home/shareef/autonomous-navigation-pipeline) by extensions ['colcon_meta']
[0.184s] Level 1:colcon.colcon_core.package_identification:_identify(/home/shareef/autonomous-navigation-pipeline) by extension 'colcon_meta'
[0.184s] Level 1:colcon.colcon_core.package_identification:_identify(/home/shareef/autonomous-navigation-pipeline) by extensions ['ros']
[0.184s] Level 1:colcon.colcon_core.package_identification:_identify(/home/shareef/autonomous-navigation-pipeline) by extension 'ros'
[0.190s] Level 1:colcon.colcon_core.package_identification:_identify(/home/shareef/autonomous-navigation-pipeline) by extensions ['cmake', 'python']
[0.190s] Level 1:colcon.colcon_core.package_identification:_identify(/home/shareef/autonomous-navigation-pipeline) by extension 'cmake'
[0.190s] Level 1:colcon.colcon_core.package_identification:_identify(/home/shareef/autonomous-navigation-pipeline) by extension 'python'
[0.190s] Level 1:colcon.colcon_core.package_identification:_identify(/home/shareef/autonomous-navigation-pipeline) by extensions ['python_setup_py']
[0.190s] Level 1:colcon.colcon_core.package_identification:_identify(/home/shareef/autonomous-navigation-pipeline) by extension 'python_setup_py'
[0.190s] Level 1:colcon.colcon_core.package_identification:_identify(/home/shareef/autonomous-navigation-pipeline/Images) by extensions ['ignore', 'ignore_ament_install']
[0.190s] Level 1:colcon.colcon_core.package_identification:_identify(/home/shareef/autonomous-navigation-pipeline/Images) by extension 'ignore'
[0.190s] Level 1:colcon.colcon_core.package_identification:_identify(/home/shareef/autonomous-navigation-pipeline/Images) by extension 'ignore_ament_install'
[0.190s] Level 1:colcon.colcon_core.package_identification:_identify(/home/shareef/autonomous-navigation-pipeline/Images) by extensions ['colcon_pkg']
[0.190s] Level 1:colcon.colcon_core.package_identification:_identify(/home/shareef/autonomous-navigation-pipeline/Images) by extension 'colcon_pkg'
[0.190s] Level 1:colcon.colcon_core.package_identification:_identify(/home/shareef/autonomous-navigation-pipeline/Images) by extensions ['colcon_meta']
[0.190s] Level 1:colcon.colcon_core.package_identification:_identify(/home/shareef/autonomous-navigation-pipeline/Images) by extension 'colcon_meta'
[0.190s] Level 1:colcon.colcon_core.package_identification:_identify(/home/shareef/autonomous-navigation-pipeline/Images) by extensions ['ros']
[0.190s] Level 1:colcon.colcon_core.package_identification:_identify(/home/shareef/autonomous-navigation-pipeline/Images) by extension 'ros'
[0.190s] Level 1:colcon.colcon_core.package_identification:_identify(/home/shareef/autonomous-navigation-pipeline/Images) by extensions ['cmake', 'python']
[0.190s] Level 1:colcon.colcon_core.package_identification:_identify(/home/shareef/autonomous-navigation-pipeline/Images) by extension 'cmake'
[0.190s] Level 1:colcon.colcon_core.package_identification:_identify(/home/shareef/autonomous-navigation-pipeline/Images) by extension 'python'
[0.190s] Level 1:colcon.colcon_core.package_identification:_identify(/home/shareef/autonomous-navigation-pipeline/Images) by extensions ['python_setup_py']
[0.190s] Level 1:colcon.colcon_core.package_identification:_identify(/home/shareef/autonomous-navigation-pipeline/Images) by extension 'python_setup_py'
[0.191s] Level 1:colcon.colcon_core.package_identification:_identify(/home/shareef/autonomous-navigation-pipeline/fast_lio_nav2) by extensions ['ignore', 'ignore_ament_install']
[0.191s] Level 1:colcon.colcon_core.package_identification:_identify(/home/shareef/autonomous-navigation-pipeline/fast_lio_nav2) by extension 'ignore'
[0.191s] Level 1:colcon.colcon_core.package_identification:_identify(/home/shareef/autonomous-navigation-pipeline/fast_lio_nav2) by extension 'ignore_ament_install'
[0.191s] Level 1:colcon.colcon_core.package_identification:_identify(/home/shareef/autonomous-navigation-pipeline/fast_lio_nav2) by extensions ['colcon_pkg']
[0.191s] Level 1:colcon.colcon_core.package_identification:_identify(/home/shareef/autonomous-navigation-pipeline/fast_lio_nav2) by extension 'colcon_pkg'
[0.191s] Level 1:colcon.colcon_core.package_identification:_identify(/home/shareef/autonomous-navigation-pipeline/fast_lio_nav2) by extensions ['colcon_meta']
[0.191s] Level 1:colcon.colcon_core.package_identification:_identify(/home/shareef/autonomous-navigation-pipeline/fast_lio_nav2) by extension 'colcon_meta'
[0.191s] Level 1:colcon.colcon_core.package_identification:_identify(/home/shareef/autonomous-navigation-pipeline/fast_lio_nav2) by extensions ['ros']
[0.191s] Level 1:colcon.colcon_core.package_identification:_identify(/home/shareef/autonomous-navigation-pipeline/fast_lio_nav2) by extension 'ros'
[0.197s] DEBUG:colcon.colcon_core.package_identification:Package '/home/shareef/autonomous-navigation-pipeline/fast_lio_nav2' with type 'ros.ament_python' and name 'fast_lio_nav2'
[0.197s] Level 1:colcon.colcon_core.package_identification:_identify(/home/shareef/autonomous-navigation-pipeline/fast_lio_ros2) by extensions ['ignore', 'ignore_ament_install']
[0.197s] Level 1:colcon.colcon_core.package_identification:_identify(/home/shareef/autonomous-navigation-pipeline/fast_lio_ros2) by extension 'ignore'
[0.197s] Level 1:colcon.colcon_core.package_identification:_identify(/home/shareef/autonomous-navigation-pipeline/fast_lio_ros2) by extension 'ignore_ament_install'
[0.197s] Level 1:colcon.colcon_core.package_identification:_identify(/home/shareef/autonomous-navigation-pipeline/fast_lio_ros2) by extensions ['colcon_pkg']
[0.197s] Level 1:colcon.colcon_core.package_identification:_identify(/home/shareef/autonomous-navigation-pipeline/fast_lio_ros2) by extension 'colcon_pkg'
[0.197s] Level 1:colcon.colcon_core.package_identification:_identify(/home/shareef/autonomous-navigation-pipeline/fast_lio_ros2) by extensions ['colcon_meta']
[0.197s] Level 1:colcon.colcon_core.package_identification:_identify(/home/shareef/autonomous-navigation-pipeline/fast_lio_ros2) by extension 'colcon_meta'
[0.197s] Level 1:colcon.colcon_core.package_identification:_identify(/home/shareef/autonomous-navigation-pipeline/fast_lio_ros2) by extensions ['ros']
[0.197s] Level 1:colcon.colcon_core.package_identification:_identify(/home/shareef/autonomous-navigation-pipeline/fast_lio_ros2) by extension 'ros'
[0.198s] DEBUG:colcon.colcon_core.package_identification:Package '/home/shareef/autonomous-navigation-pipeline/fast_lio_ros2' with type 'ros.ament_cmake' and name 'fast_lio'
[0.198s] Level 1:colcon.colcon_core.package_identification:_identify(/home/shareef/autonomous-navigation-pipeline/lio_sam_ros2) by extensions ['ignore', 'ignore_ament_install']
[0.198s] Level 1:colcon.colcon_core.package_identification:_identify(/home/shareef/autonomous-navigation-pipeline/lio_sam_ros2) by extension 'ignore'
[0.198s] Level 1:colcon.colcon_core.package_identification:_identify(/home/shareef/autonomous-navigation-pipeline/lio_sam_ros2) by extension 'ignore_ament_install'
[0.198s] Level 1:colcon.colcon_core.package_identification:_identify(/home/shareef/autonomous-navigation-pipeline/lio_sam_ros2) by extensions ['colcon_pkg']
[0.198s] Level 1:colcon.colcon_core.package_identification:_identify(/home/shareef/autonomous-navigation-pipeline/lio_sam_ros2) by extension 'colcon_pkg'
[0.198s] Level 1:colcon.colcon_core.package_identification:_identify(/home/shareef/autonomous-navigation-pipeline/lio_sam_ros2) by extensions ['colcon_meta']
[0.198s] Level 1:colcon.colcon_core.package_identification:_identify(/home/shareef/autonomous-navigation-pipeline/lio_sam_ros2) by extension 'colcon_meta'
[0.198s] Level 1:colcon.colcon_core.package_identification:_identify(/home/shareef/autonomous-navigation-pipeline/lio_sam_ros2) by extensions ['ros']
[0.198s] Level 1:colcon.colcon_core.package_identification:_identify(/home/shareef/autonomous-navigation-pipeline/lio_sam_ros2) by extension 'ros'
[0.199s] DEBUG:colcon.colcon_core.package_identification:Package '/home/shareef/autonomous-navigation-pipeline/lio_sam_ros2' with type 'ros.ament_cmake' and name 'lio_sam'
[0.199s] Level 1:colcon.colcon_core.package_identification:_identify(/home/shareef/autonomous-navigation-pipeline/log) by extensions ['ignore', 'ignore_ament_install']
[0.199s] Level 1:colcon.colcon_core.package_identification:_identify(/home/shareef/autonomous-navigation-pipeline/log) by extension 'ignore'
[0.199s] Level 1:colcon.colcon_core.package_identification:_identify(/home/shareef/autonomous-navigation-pipeline/log) ignored
[0.199s] Level 1:colcon.colcon_core.package_identification:_identify(/home/shareef/autonomous-navigation-pipeline/pointcloud_ring_converter) by extensions ['ignore', 'ignore_ament_install']
[0.199s] Level 1:colcon.colcon_core.package_identification:_identify(/home/shareef/autonomous-navigation-pipeline/pointcloud_ring_converter) by extension 'ignore'
[0.199s] Level 1:colcon.colcon_core.package_identification:_identify(/home/shareef/autonomous-navigation-pipeline/pointcloud_ring_converter) by extension 'ignore_ament_install'
[0.199s] Level 1:colcon.colcon_core.package_identification:_identify(/home/shareef/autonomous-navigation-pipeline/pointcloud_ring_converter) by extensions ['colcon_pkg']
[0.199s] Level 1:colcon.colcon_core.package_identification:_identify(/home/shareef/autonomous-navigation-pipeline/pointcloud_ring_converter) by extension 'colcon_pkg'
[0.199s] Level 1:colcon.colcon_core.package_identification:_identify(/home/shareef/autonomous-navigation-pipeline/pointcloud_ring_converter) by extensions ['colcon_meta']
[0.199s] Level 1:colcon.colcon_core.package_identification:_identify(/home/shareef/autonomous-navigation-pipeline/pointcloud_ring_converter) by extension 'colcon_meta'
[0.199s] Level 1:colcon.colcon_core.package_identification:_identify(/home/shareef/autonomous-navigation-pipeline/pointcloud_ring_converter) by extensions ['ros']
[0.199s] Level 1:colcon.colcon_core.package_identification:_identify(/home/shareef/autonomous-navigation-pipeline/pointcloud_ring_converter) by extension 'ros'
[0.200s] DEBUG:colcon.colcon_core.package_identification:Package '/home/shareef/autonomous-navigation-pipeline/pointcloud_ring_converter' with type 'ros.ament_python' and name 'pointcloud_ring_converter'
[0.200s] Level 1:colcon.colcon_core.package_discovery:discover_packages(recursive) using defaults
